<?xml version="1.0" encoding="UTF-8"?>
<!-- Generated by org.testng.reporters.JUnitReportReporter -->
<testsuite hostname="Timon" failures="0" tests="1" name="task8.POMTestNG" time="7.782" errors="0" timestamp="25 Jun 2024 07:23:10 GMT" skipped="0">
  <testcase classname="task8.POMTestNG" name="m3" time="7.782"/>
</testsuite> <!-- task8.POMTestNG -->
