<?xml version="1.0" encoding="UTF-8"?>
<!-- Generated by org.testng.reporters.JUnitReportReporter -->
<testsuite hostname="Timon" failures="0" tests="1" name="task9.hoverTestNG" time="8.874" errors="0" timestamp="25 Jun 2024 10:11:10 GMT" skipped="0">
  <testcase classname="task9.hoverTestNG" name="m3" time="8.874"/>
</testsuite> <!-- task9.hoverTestNG -->
