<?xml version="1.0" encoding="UTF-8"?>
<!-- Generated by org.testng.reporters.JUnitReportReporter -->
<testsuite hostname="Timon" failures="0" tests="2" name="task6.crossbrowserTestNG" time="4.631" errors="0" timestamp="23 Jun 2024 14:14:11 GMT" skipped="0">
  <testcase classname="task6.crossbrowserTestNG" name="m1" time="3.075"/>
  <testcase classname="task6.crossbrowserTestNG" name="m2" time="1.556"/>
</testsuite> <!-- task6.crossbrowserTestNG -->
