<?xml version="1.0" encoding="UTF-8"?>
<!-- Generated by org.testng.reporters.JUnitReportReporter -->
<testsuite hostname="Timon" failures="0" tests="1" name="task9.DragDropTestNG" time="1.596" errors="0" timestamp="25 Jun 2024 09:48:41 GMT" skipped="0">
  <testcase classname="task9.DragDropTestNG" name="m3" time="1.596"/>
</testsuite> <!-- task9.DragDropTestNG -->
