<?xml version="1.0" encoding="UTF-8"?>
<!-- Generated by org.testng.reporters.JUnitReportReporter -->
<testsuite hostname="Timon" failures="0" tests="1" name="task3.elementpresentTestNG" time="5.722" errors="0" timestamp="22 Jun 2024 14:07:44 GMT" skipped="0">
  <testcase classname="task3.elementpresentTestNG" name="m3" time="5.722"/>
</testsuite> <!-- task3.elementpresentTestNG -->
