<?xml version="1.0" encoding="UTF-8"?>
<!-- Generated by org.testng.reporters.JUnitReportReporter -->
<testsuite hostname="Timon" failures="0" tests="1" name="task7.TestReportTestNG" time="6.527" errors="0" timestamp="24 Jun 2024 09:26:48 GMT" skipped="0">
  <testcase classname="task7.TestReportTestNG" name="m3" time="6.527"/>
</testsuite> <!-- task7.TestReportTestNG -->
