<?xml version="1.0" encoding="UTF-8"?>
<!-- Generated by org.testng.reporters.JUnitReportReporter -->
<testsuite hostname="Timon" failures="0" tests="1" name="task4.ImplicitExplicitTestNG" time="8.043" errors="0" timestamp="24 Jun 2024 10:49:20 GMT" skipped="0">
  <testcase classname="task4.ImplicitExplicitTestNG" name="m3" time="8.043"/>
</testsuite> <!-- task4.ImplicitExplicitTestNG -->
