<?xml version="1.0" encoding="UTF-8"?>
<!-- Generated by org.testng.reporters.JUnitReportReporter -->
<testsuite hostname="Timon" failures="0" tests="2" name="task10.FrameWindowTestNG" time="18.816" errors="0" timestamp="25 Jun 2024 13:56:01 GMT" skipped="0">
  <testcase classname="task10.FrameWindowTestNG" name="m4" time="18.455"/>
  <testcase classname="task10.FrameWindowTestNG" name="m3" time="0.361"/>
</testsuite> <!-- task10.FrameWindowTestNG -->
