<?xml version="1.0" encoding="UTF-8"?>
<!-- Generated by org.testng.reporters.JUnitReportReporter -->
<testsuite hostname="Timon" failures="0" tests="1" name="task2.FormHandlingTestNG" time="3.058" errors="0" timestamp="22 Jun 2024 12:46:58 GMT" skipped="0">
  <testcase classname="task2.FormHandlingTestNG" name="m3" time="3.058"/>
</testsuite> <!-- task2.FormHandlingTestNG -->
