<?xml version="1.0" encoding="UTF-8"?>
<!-- Generated by org.testng.reporters.JUnitReportReporter -->
<testsuite hostname="Timon" failures="0" tests="1" name="task1.TestNG" time="2.460" errors="0" timestamp="22 Jun 2024 07:01:19 GMT" skipped="0">
  <testcase classname="task1.TestNG" name="m3" time="2.460"/>
</testsuite> <!-- task1.TestNG -->
