<?xml version="1.0" encoding="UTF-8"?>
<!-- Generated by org.testng.reporters.JUnitReportReporter -->
<testsuite hostname="Timon" failures="0" tests="1" name="task11.HeadlessBrowserTestNG" time="7.703" errors="0" timestamp="25 Jun 2024 14:56:14 GMT" skipped="0">
  <testcase classname="task11.HeadlessBrowserTestNG" name="m2" time="7.703"/>
</testsuite> <!-- task11.HeadlessBrowserTestNG -->
